2023.11.15 16:17:16 INFO  Started: Metals version 1.1.0 in folders '/Users/hanjiatong/Downloads/lockfree_queue' for client Visual Studio Code 1.82.2.
2023.11.15 16:17:21 INFO  Running List(/Users/hanjiatong/Library/Application Support/Coursier/bin/scala-cli, setup-ide, /Users/hanjiatong/Downloads/lockfree_queue)
2023.11.15 16:17:22 INFO  Attempting to connect to the build server...
2023.11.15 16:17:22 INFO  Running BSP server List(/Users/hanjiatong/Library/Application Support/Coursier/bin/.scala-cli.aux, bsp, --json-options, /Users/hanjiatong/Downloads/lockfree_queue/.scala-build/ide-options-v2.json, /Users/hanjiatong/Downloads/lockfree_queue)
2023.11.15 16:17:22 INFO  tracing is disabled for protocol BSP, to enable tracing of incoming and outgoing JSON messages create an empty file at /Users/hanjiatong/Downloads/lockfree_queue/.metals/bsp.trace.json or /Users/hanjiatong/Library/Caches/org.scalameta.metals/bsp.trace.json
2023.11.15 16:17:22 INFO  BSP server: Checking https://github.com/coursier/jvm-index/raw/master/index.json
2023.11.15 16:17:22 INFO  BSP server: Checked https://github.com/coursier/jvm-index/raw/master/index.json
2023.11.15 16:17:22 INFO  BSP server: Downloading https://github.com/coursier/jvm-index/raw/master/index.json
2023.11.15 16:17:22 INFO  BSP server: Downloaded https://github.com/coursier/jvm-index/raw/master/index.json
2023.11.15 16:17:27 INFO  no build target found for /Users/hanjiatong/Downloads/lockfree_queue/lockfreeq.scala. Using presentation compiler with project's scala-library version: 3.3.1
2023.11.15 16:17:30 INFO  BSP server: Checking https://repo1.maven.org/maven2/org/scala-lang/scala-library/
2023.11.15 16:17:30 INFO  BSP server: Checked https://repo1.maven.org/maven2/org/scala-lang/scala-library/
2023.11.15 16:17:30 INFO  BSP server: Checking https://repo1.maven.org/maven2/org/scala-lang/scala-library/maven-metadata.xml
2023.11.15 16:17:30 INFO  BSP server: Checked https://repo1.maven.org/maven2/org/scala-lang/scala-library/maven-metadata.xml
2023.11.15 16:17:30 INFO  BSP server: Checking https://repo1.maven.org/maven2/org/scala-lang/scala3-library_3/
2023.11.15 16:17:30 INFO  BSP server: Checked https://repo1.maven.org/maven2/org/scala-lang/scala3-library_3/
2023.11.15 16:17:30 INFO  BSP server: Downloading https://repo1.maven.org/maven2/org/scala-lang/scala3-library_3/
2023.11.15 16:17:30 INFO  BSP server: Downloaded https://repo1.maven.org/maven2/org/scala-lang/scala3-library_3/
2023.11.15 16:17:30 INFO  BSP server: Checking https://repo1.maven.org/maven2/org/scala-lang/scala3-library_3/maven-metadata.xml
2023.11.15 16:17:30 INFO  BSP server: Checked https://repo1.maven.org/maven2/org/scala-lang/scala3-library_3/maven-metadata.xml
2023.11.15 16:17:30 INFO  BSP server: Downloading https://repo1.maven.org/maven2/org/scala-lang/scala3-library_3/maven-metadata.xml
2023.11.15 16:17:30 INFO  BSP server: Downloaded https://repo1.maven.org/maven2/org/scala-lang/scala3-library_3/maven-metadata.xml
2023.11.15 16:17:31 INFO  time: Connected to build server in 9.12s
2023.11.15 16:17:31 INFO  Connected to Build server: scala-cli v1.0.4
2023.11.15 16:17:31 INFO  time: Imported build in 0.17s
2023.11.15 16:17:31 INFO  compiling lockfree_queue_bd2c96d2de (118 scala sources and 1 java source)
2023.11.15 16:17:37 INFO  compiling lockfree_queue_bd2c96d2de (118 scala sources and 1 java source)
2023.11.15 16:17:39 INFO  no build target found for /Users/hanjiatong/Downloads/lockfree_queue/lockfreeq.scala. Using presentation compiler with project's scala-library version: 3.3.1
Nov 15, 2023 4:17:40 PM org.eclipse.lsp4j.jsonrpc.RemoteEndpoint handleCancellation
WARNING: Unmatched cancel notification for request id 3
2023.11.15 16:17:40 INFO  time: compiled lockfree_queue_bd2c96d2de in 3.74s
Nov 15, 2023 4:17:41 PM org.eclipse.lsp4j.jsonrpc.RemoteEndpoint handleCancellation
WARNING: Unmatched cancel notification for request id 2
Nov 15, 2023 4:17:41 PM org.eclipse.lsp4j.jsonrpc.RemoteEndpoint handleCancellation
WARNING: Unmatched cancel notification for request id 21
Nov 15, 2023 4:17:41 PM org.eclipse.lsp4j.jsonrpc.RemoteEndpoint handleCancellation
WARNING: Unmatched cancel notification for request id 25
Nov 15, 2023 4:17:41 PM org.eclipse.lsp4j.jsonrpc.RemoteEndpoint handleCancellation
WARNING: Unmatched cancel notification for request id 32
Nov 15, 2023 4:17:41 PM org.eclipse.lsp4j.jsonrpc.RemoteEndpoint handleCancellation
WARNING: Unmatched cancel notification for request id 36
Nov 15, 2023 4:17:41 PM org.eclipse.lsp4j.jsonrpc.RemoteEndpoint handleCancellation
WARNING: Unmatched cancel notification for request id 37
Nov 15, 2023 4:17:41 PM org.eclipse.lsp4j.jsonrpc.RemoteEndpoint handleCancellation
WARNING: Unmatched cancel notification for request id 40
Nov 15, 2023 4:17:41 PM org.eclipse.lsp4j.jsonrpc.RemoteEndpoint handleCancellation
WARNING: Unmatched cancel notification for request id 43
Nov 15, 2023 4:17:41 PM org.eclipse.lsp4j.jsonrpc.RemoteEndpoint handleCancellation
WARNING: Unmatched cancel notification for request id 46
Nov 15, 2023 4:17:41 PM org.eclipse.lsp4j.jsonrpc.RemoteEndpoint handleCancellation
WARNING: Unmatched cancel notification for request id 50
Nov 15, 2023 4:17:41 PM org.eclipse.lsp4j.jsonrpc.RemoteEndpoint handleCancellation
WARNING: Unmatched cancel notification for request id 54
Nov 15, 2023 4:17:41 PM org.eclipse.lsp4j.jsonrpc.RemoteEndpoint handleCancellation
WARNING: Unmatched cancel notification for request id 60
Nov 15, 2023 4:17:41 PM org.eclipse.lsp4j.jsonrpc.RemoteEndpoint handleCancellation
WARNING: Unmatched cancel notification for request id 63
2023.11.15 16:17:45 INFO  time: indexed workspace in 14s
2023.11.15 16:17:45 INFO  compiling lockfree_queue_bd2c96d2de (118 scala sources and 1 java source)
2023.11.15 16:17:51 INFO  time: compiled lockfree_queue_bd2c96d2de in 5.29s
2023.11.15 16:17:51 INFO  compiling lockfree_queue_bd2c96d2de (118 scala sources and 1 java source)
2023.11.15 16:17:55 INFO  time: compiled lockfree_queue_bd2c96d2de in 3.88s
2023.11.15 16:17:55 INFO  compiling lockfree_queue_bd2c96d2de (118 scala sources and 1 java source)
2023.11.15 16:17:59 INFO  time: compiled lockfree_queue_bd2c96d2de in 3.25s
2023.11.15 16:17:59 INFO  compiling lockfree_queue_bd2c96d2de (118 scala sources and 1 java source)
2023.11.15 16:18:02 INFO  time: compiled lockfree_queue_bd2c96d2de in 2.04s
2023.11.15 16:18:07 WARN  no build target for: /Users/hanjiatong/Downloads/lockfree_queue/ThreadID.scala
2023.11.15 16:18:07 WARN  Could not find semantic tokens for: file:///Users/hanjiatong/Downloads/lockfree_queue/ThreadID.scala
2023.11.15 16:18:07 INFO  Disconnecting from scala-cli session...
2023.11.15 16:18:07 INFO  Shut down connection with build server.
2023.11.15 16:18:07 INFO  Attempting to connect to the build server...
2023.11.15 16:18:07 INFO  Running BSP server List(/Users/hanjiatong/Library/Application Support/Coursier/bin/.scala-cli.aux, bsp, --json-options, /Users/hanjiatong/Downloads/lockfree_queue/.scala-build/ide-options-v2.json, /Users/hanjiatong/Downloads/lockfree_queue)
2023.11.15 16:18:07 INFO  tracing is disabled for protocol BSP, to enable tracing of incoming and outgoing JSON messages create an empty file at /Users/hanjiatong/Downloads/lockfree_queue/.metals/bsp.trace.json or /Users/hanjiatong/Library/Caches/org.scalameta.metals/bsp.trace.json
2023.11.15 16:18:08 WARN  no build target for: /Users/hanjiatong/Downloads/lockfree_queue/ThreadID.scala
Nov 15, 2023 4:18:11 PM org.eclipse.lsp4j.jsonrpc.RemoteEndpoint handleCancellation
WARNING: Unmatched cancel notification for request id 150
Nov 15, 2023 4:18:12 PM org.eclipse.lsp4j.jsonrpc.RemoteEndpoint handleCancellation
WARNING: Unmatched cancel notification for request id 151
Nov 15, 2023 4:18:12 PM org.eclipse.lsp4j.jsonrpc.RemoteEndpoint handleCancellation
WARNING: Unmatched cancel notification for request id 152
2023.11.15 16:18:14 INFO  time: Connected to build server in 6.65s
2023.11.15 16:18:14 INFO  Connected to Build server: scala-cli v1.0.4
2023.11.15 16:18:15 INFO  compiling lockfree_queue_bd2c96d2de (119 scala sources and 1 java source)
2023.11.15 16:18:21 INFO  time: compiled lockfree_queue_bd2c96d2de in 6.41s
2023.11.15 16:18:21 INFO  compiling lockfree_queue_bd2c96d2de (119 scala sources and 1 java source)
2023.11.15 16:18:26 INFO  time: indexed workspace in 11s
2023.11.15 16:18:34 INFO  time: compiled lockfree_queue_bd2c96d2de in 12s
2023.11.15 16:18:34 INFO  compiling lockfree_queue_bd2c96d2de (119 scala sources and 1 java source)
Nov 15, 2023 4:18:34 PM org.eclipse.lsp4j.jsonrpc.RemoteEndpoint handleCancellation
WARNING: Unmatched cancel notification for request id 193
Nov 15, 2023 4:18:34 PM org.eclipse.lsp4j.jsonrpc.RemoteEndpoint handleCancellation
WARNING: Unmatched cancel notification for request id 195
Nov 15, 2023 4:18:34 PM org.eclipse.lsp4j.jsonrpc.RemoteEndpoint handleCancellation
WARNING: Unmatched cancel notification for request id 186
Nov 15, 2023 4:18:34 PM org.eclipse.lsp4j.jsonrpc.RemoteEndpoint handleCancellation
WARNING: Unmatched cancel notification for request id 199
Nov 15, 2023 4:18:34 PM org.eclipse.lsp4j.jsonrpc.RemoteEndpoint handleCancellation
WARNING: Unmatched cancel notification for request id 203
2023.11.15 16:18:39 INFO  time: compiled lockfree_queue_bd2c96d2de in 4.99s
2023.11.15 16:18:39 INFO  Refreshed build after change
2023.11.15 16:18:45 INFO  Cancelling compilation on scala-cli server
2023.11.15 16:18:45 INFO  compiling lockfree_queue_bd2c96d2de (4 scala sources)
2023.11.15 16:18:45 INFO  Disconnecting from scala-cli session...
2023.11.15 16:18:45 INFO  Shut down connection with build server.
2023.11.15 16:18:46 INFO  Attempting to connect to the build server...
2023.11.15 16:18:46 INFO  Running BSP server List(/Users/hanjiatong/Library/Application Support/Coursier/bin/.scala-cli.aux, bsp, --json-options, /Users/hanjiatong/Downloads/lockfree_queue/.scala-build/ide-options-v2.json, /Users/hanjiatong/Downloads/lockfree_queue)
2023.11.15 16:18:45 INFO  tracing is disabled for protocol BSP, to enable tracing of incoming and outgoing JSON messages create an empty file at /Users/hanjiatong/Downloads/lockfree_queue/.metals/bsp.trace.json or /Users/hanjiatong/Library/Caches/org.scalameta.metals/bsp.trace.json
2023.11.15 16:18:52 INFO  time: Connected to build server in 6.24s
2023.11.15 16:18:52 INFO  Connected to Build server: scala-cli v1.0.4
2023.11.15 16:18:52 INFO  compiling lockfree_queue_bd2c96d2de (3 scala sources)
2023.11.15 16:18:52 INFO  time: compiled lockfree_queue_bd2c96d2de in 0.68s
2023.11.15 16:18:52 INFO  compiling lockfree_queue_bd2c96d2de (3 scala sources)
2023.11.15 16:18:53 INFO  time: compiled lockfree_queue_bd2c96d2de in 0.38s
2023.11.15 16:18:55 INFO  time: indexed workspace in 2.91s
2023.11.15 16:18:55 INFO  compiling lockfree_queue_bd2c96d2de (3 scala sources)
2023.11.15 16:18:58 INFO  time: compiled lockfree_queue_bd2c96d2de in 2.41s
2023.11.15 16:18:58 INFO  Refreshed build after change
Nov 15, 2023 4:18:58 PM org.eclipse.lsp4j.jsonrpc.RemoteEndpoint handleCancellation
WARNING: Unmatched cancel notification for request id 262
2023.11.15 16:19:04 INFO  Disconnecting from scala-cli session...
2023.11.15 16:19:04 INFO  Shut down connection with build server.
2023.11.15 16:19:04 INFO  Attempting to connect to the build server...
2023.11.15 16:19:04 INFO  Running BSP server List(/Users/hanjiatong/Library/Application Support/Coursier/bin/.scala-cli.aux, bsp, --json-options, /Users/hanjiatong/Downloads/lockfree_queue/.scala-build/ide-options-v2.json, /Users/hanjiatong/Downloads/lockfree_queue)
2023.11.15 16:19:04 INFO  tracing is disabled for protocol BSP, to enable tracing of incoming and outgoing JSON messages create an empty file at /Users/hanjiatong/Downloads/lockfree_queue/.metals/bsp.trace.json or /Users/hanjiatong/Library/Caches/org.scalameta.metals/bsp.trace.json
2023.11.15 16:19:10 INFO  time: Connected to build server in 5.78s
2023.11.15 16:19:10 INFO  Connected to Build server: scala-cli v1.0.4
2023.11.15 16:19:10 INFO  compiling lockfree_queue_bd2c96d2de (4 scala sources)
2023.11.15 16:19:10 INFO  time: compiled lockfree_queue_bd2c96d2de in 0.41s
2023.11.15 16:19:10 INFO  compiling lockfree_queue_bd2c96d2de (4 scala sources)
2023.11.15 16:19:10 INFO  time: compiled lockfree_queue_bd2c96d2de in 0.32s
2023.11.15 16:19:12 INFO  compiling lockfree_queue_bd2c96d2de (4 scala sources)
2023.11.15 16:19:12 INFO  time: compiled lockfree_queue_bd2c96d2de in 0.26s
2023.11.15 16:19:13 INFO  time: indexed workspace in 3.01s
2023.11.15 16:19:18 INFO  Disconnecting from scala-cli session...
2023.11.15 16:19:18 INFO  Shut down connection with build server.
2023.11.15 16:19:18 INFO  Refreshed build after change
2023.11.15 16:19:18 INFO  Attempting to connect to the build server...
2023.11.15 16:19:18 INFO  Running BSP server List(/Users/hanjiatong/Library/Application Support/Coursier/bin/.scala-cli.aux, bsp, --json-options, /Users/hanjiatong/Downloads/lockfree_queue/.scala-build/ide-options-v2.json, /Users/hanjiatong/Downloads/lockfree_queue)
2023.11.15 16:19:18 INFO  tracing is disabled for protocol BSP, to enable tracing of incoming and outgoing JSON messages create an empty file at /Users/hanjiatong/Downloads/lockfree_queue/.metals/bsp.trace.json or /Users/hanjiatong/Library/Caches/org.scalameta.metals/bsp.trace.json
2023.11.15 16:19:25 INFO  time: Connected to build server in 7.08s
2023.11.15 16:19:25 INFO  Connected to Build server: scala-cli v1.0.4
2023.11.15 16:19:25 INFO  compiling lockfree_queue_bd2c96d2de (119 scala sources and 1 java source)
2023.11.15 16:19:28 INFO  Cancelling compilation on scala-cli server
2023.11.15 16:19:28 INFO  Disconnecting from scala-cli session...
2023.11.15 16:19:29 INFO  compiling lockfree_queue_bd2c96d2de (118 scala sources and 1 java source)
2023.11.15 16:19:30 INFO  Shut down connection with build server.
2023.11.15 16:19:30 INFO  Failed to run request with params ScalaMainClassesResult
2023.11.15 16:19:30 INFO  Failed to run request with params ScalaTestClassesResult
2023.11.15 16:19:30 INFO  scala-cli should support `buildTarget/jvmRunEnvironment`, but it fails.
2023.11.15 16:19:30 INFO  Attempting to connect to the build server...
2023.11.15 16:19:30 INFO  Running BSP server List(/Users/hanjiatong/Library/Application Support/Coursier/bin/.scala-cli.aux, bsp, --json-options, /Users/hanjiatong/Downloads/lockfree_queue/.scala-build/ide-options-v2.json, /Users/hanjiatong/Downloads/lockfree_queue)
2023.11.15 16:19:30 INFO  tracing is disabled for protocol BSP, to enable tracing of incoming and outgoing JSON messages create an empty file at /Users/hanjiatong/Downloads/lockfree_queue/.metals/bsp.trace.json or /Users/hanjiatong/Library/Caches/org.scalameta.metals/bsp.trace.json
2023.11.15 16:19:31 INFO  time: indexed workspace in 5.5s
2023.11.15 16:19:35 INFO  Refreshed build after change
2023.11.15 16:19:37 INFO  time: Connected to build server in 7.08s
2023.11.15 16:19:37 INFO  Connected to Build server: scala-cli v1.0.4
2023.11.15 16:19:37 INFO  compiling lockfree_queue_bd2c96d2de (118 scala sources and 1 java source)
2023.11.15 16:19:40 INFO  time: compiled lockfree_queue_bd2c96d2de in 2.91s
2023.11.15 16:19:40 INFO  compiling lockfree_queue_bd2c96d2de (118 scala sources and 1 java source)
2023.11.15 16:19:41 INFO  time: indexed workspace in 4.4s
2023.11.15 16:19:46 INFO  time: compiled lockfree_queue_bd2c96d2de in 5.96s
2023.11.15 16:19:46 INFO  compiling lockfree_queue_bd2c96d2de (118 scala sources and 1 java source)
2023.11.15 16:19:48 INFO  time: compiled lockfree_queue_bd2c96d2de in 2.19s
2023.11.15 16:19:48 INFO  Refreshed build after change
2023.11.15 16:49:28 INFO  compiling lockfree_queue_bd2c96d2de (118 scala sources and 1 java source)
2023.11.15 16:49:32 INFO  time: compiled lockfree_queue_bd2c96d2de in 3.8s
2023.11.15 16:49:32 INFO  compiling lockfree_queue_bd2c96d2de (118 scala sources and 1 java source)
2023.11.15 16:49:35 INFO  time: compiled lockfree_queue_bd2c96d2de in 2.62s
2023.11.15 16:49:39 INFO  compiling lockfree_queue_bd2c96d2de (118 scala sources and 1 java source)
2023.11.15 16:49:43 INFO  time: compiled lockfree_queue_bd2c96d2de in 3.87s
2023.11.15 16:49:57 INFO  compiling lockfree_queue_bd2c96d2de (118 scala sources and 1 java source)
2023.11.15 16:50:00 INFO  time: compiled lockfree_queue_bd2c96d2de in 2.28s
2023.11.15 16:50:07 INFO  compiling lockfree_queue_bd2c96d2de (118 scala sources and 1 java source)
2023.11.15 16:50:09 INFO  time: compiled lockfree_queue_bd2c96d2de in 2.13s
2023.11.15 16:50:11 INFO  compiling lockfree_queue_bd2c96d2de (118 scala sources and 1 java source)
2023.11.15 16:50:13 INFO  time: compiled lockfree_queue_bd2c96d2de in 1.79s
2023.11.15 16:50:20 INFO  compiling lockfree_queue_bd2c96d2de (118 scala sources and 1 java source)
2023.11.15 16:50:22 INFO  time: compiled lockfree_queue_bd2c96d2de in 1.44s
2023.11.15 16:50:22 INFO  compiling lockfree_queue_bd2c96d2de (118 scala sources and 1 java source)
2023.11.15 16:50:24 INFO  time: compiled lockfree_queue_bd2c96d2de in 2.12s
2023.11.15 16:50:32 INFO  compiling lockfree_queue_bd2c96d2de (118 scala sources and 1 java source)
2023.11.15 16:50:34 INFO  time: compiled lockfree_queue_bd2c96d2de in 1.74s
Exception in thread "pool-21-thread-1" java.lang.InterruptedException
	at scala.meta.internal.metals.FutureCancelToken.checkCanceled(FutureCancelToken.scala:29)
	at scala.meta.internal.pc.CompilerAccess.onCompilerJobQueue$$anonfun$1(CompilerAccess.scala:230)
	at scala.meta.internal.pc.CompilerJobQueue$Job.run(CompilerJobQueue.scala:152)
	at java.base/java.util.concurrent.ThreadPoolExecutor.runWorker(ThreadPoolExecutor.java:1128)
	at java.base/java.util.concurrent.ThreadPoolExecutor$Worker.run(ThreadPoolExecutor.java:628)
	at java.base/java.lang.Thread.run(Thread.java:834)
2023.11.15 16:50:39 INFO  compiling lockfree_queue_bd2c96d2de (118 scala sources and 1 java source)
2023.11.15 16:50:42 INFO  time: compiled lockfree_queue_bd2c96d2de in 2.94s
2023.11.15 16:50:44 INFO  compiling lockfree_queue_bd2c96d2de (118 scala sources and 1 java source)
2023.11.15 16:50:46 INFO  time: compiled lockfree_queue_bd2c96d2de in 1.96s
2023.11.15 16:50:51 INFO  compiling lockfree_queue_bd2c96d2de (118 scala sources and 1 java source)
2023.11.15 16:50:53 INFO  time: compiled lockfree_queue_bd2c96d2de in 1.73s
2023.11.15 16:50:55 INFO  compiling lockfree_queue_bd2c96d2de (118 scala sources and 1 java source)
2023.11.15 16:50:56 INFO  time: compiled lockfree_queue_bd2c96d2de in 1.25s
2023.11.15 16:51:06 INFO  compiling lockfree_queue_bd2c96d2de (118 scala sources and 1 java source)
2023.11.15 16:51:08 INFO  time: compiled lockfree_queue_bd2c96d2de in 1.92s
2023.11.15 16:51:20 INFO  compiling lockfree_queue_bd2c96d2de (118 scala sources and 1 java source)
2023.11.15 16:51:21 INFO  time: compiled lockfree_queue_bd2c96d2de in 1.82s
2023.11.15 16:51:21 INFO  compiling lockfree_queue_bd2c96d2de (118 scala sources and 1 java source)
2023.11.15 16:51:23 INFO  time: compiled lockfree_queue_bd2c96d2de in 1.42s
Nov 15, 2023 4:52:25 PM org.eclipse.lsp4j.jsonrpc.RemoteEndpoint handleCancellation
WARNING: Unmatched cancel notification for request id 776
2023.11.15 16:52:41 INFO  compiling lockfree_queue_bd2c96d2de (118 scala sources and 1 java source)
2023.11.15 16:52:43 INFO  time: compiled lockfree_queue_bd2c96d2de in 2.1s
2023.11.15 16:52:43 INFO  compiling lockfree_queue_bd2c96d2de (118 scala sources and 1 java source)
2023.11.15 16:52:46 INFO  time: compiled lockfree_queue_bd2c96d2de in 1.93s
2023.11.15 16:52:50 WARN  Could not find semantic tokens for: file:///Users/hanjiatong/Downloads/lockfree_queue/lockfreeq.scala
2023.11.15 16:52:52 WARN  Could not find semantic tokens for: file:///Users/hanjiatong/Downloads/lockfree_queue/lockfreeq.scala
2023.11.15 16:52:52 WARN  Could not find semantic tokens for: file:///Users/hanjiatong/Downloads/lockfree_queue/lockfreeq.scala
2023.11.15 16:52:52 WARN  Could not find semantic tokens for: file:///Users/hanjiatong/Downloads/lockfree_queue/lockfreeq.scala
2023.11.15 16:52:55 WARN  Could not find semantic tokens for: file:///Users/hanjiatong/Downloads/lockfree_queue/lockfreeq.scala
2023.11.15 16:52:58 INFO  compiling lockfree_queue_bd2c96d2de (118 scala sources and 1 java source)
2023.11.15 16:53:00 INFO  time: compiled lockfree_queue_bd2c96d2de in 1.76s
2023.11.15 16:53:00 INFO  compiling lockfree_queue_bd2c96d2de (118 scala sources and 1 java source)
2023.11.15 16:53:02 INFO  time: compiled lockfree_queue_bd2c96d2de in 1.79s
2023.11.15 16:53:04 INFO  compiling lockfree_queue_bd2c96d2de (118 scala sources and 1 java source)
2023.11.15 16:53:05 INFO  time: compiled lockfree_queue_bd2c96d2de in 1.5s
2023.11.15 16:53:15 INFO  compiling lockfree_queue_bd2c96d2de (118 scala sources and 1 java source)
2023.11.15 16:53:17 INFO  time: compiled lockfree_queue_bd2c96d2de in 1.68s
2023.11.15 16:53:21 INFO  compiling lockfree_queue_bd2c96d2de (118 scala sources and 1 java source)
2023.11.15 16:53:22 INFO  time: compiled lockfree_queue_bd2c96d2de in 1.37s
2023.11.15 16:53:26 INFO  compiling lockfree_queue_bd2c96d2de (118 scala sources and 1 java source)
2023.11.15 16:53:27 INFO  time: compiled lockfree_queue_bd2c96d2de in 1.67s
2023.11.15 16:54:34 INFO  compiling lockfree_queue_bd2c96d2de (118 scala sources and 1 java source)
2023.11.15 16:54:38 INFO  time: compiled lockfree_queue_bd2c96d2de in 3.22s
2023.11.15 16:54:38 INFO  compiling lockfree_queue_bd2c96d2de (118 scala sources and 1 java source)
2023.11.15 16:54:41 INFO  time: compiled lockfree_queue_bd2c96d2de in 2.53s
2023.11.15 16:54:41 INFO  compiling lockfree_queue_bd2c96d2de (118 scala sources and 1 java source)
2023.11.15 16:54:42 INFO  time: compiled lockfree_queue_bd2c96d2de in 1.35s
2023.11.15 16:56:31 INFO  compiling lockfree_queue_bd2c96d2de (118 scala sources and 1 java source)
2023.11.15 16:56:33 INFO  time: compiled lockfree_queue_bd2c96d2de in 2.08s
2023.11.15 16:56:33 INFO  compiling lockfree_queue_bd2c96d2de (118 scala sources and 1 java source)
2023.11.15 16:56:35 INFO  time: compiled lockfree_queue_bd2c96d2de in 2.2s
Nov 15, 2023 4:56:42 PM org.eclipse.lsp4j.jsonrpc.RemoteEndpoint handleCancellation
WARNING: Unmatched cancel notification for request id 1264
2023.11.15 16:56:48 INFO  compiling lockfree_queue_bd2c96d2de (118 scala sources and 1 java source)
Nov 15, 2023 4:56:50 PM org.eclipse.lsp4j.jsonrpc.RemoteEndpoint handleCancellation
WARNING: Unmatched cancel notification for request id 1302
2023.11.15 16:56:52 INFO  time: compiled lockfree_queue_bd2c96d2de in 3.94s
Nov 15, 2023 4:57:05 PM org.eclipse.lsp4j.jsonrpc.RemoteEndpoint handleCancellation
WARNING: Unmatched cancel notification for request id 1323
2023.11.15 16:57:14 INFO  compiling lockfree_queue_bd2c96d2de (118 scala sources and 1 java source)
2023.11.15 16:57:16 INFO  time: compiled lockfree_queue_bd2c96d2de in 1.92s
2023.11.15 16:57:17 INFO  compiling lockfree_queue_bd2c96d2de (118 scala sources and 1 java source)
2023.11.15 16:57:19 INFO  time: compiled lockfree_queue_bd2c96d2de in 2.31s
2023.11.15 16:57:19 INFO  compiling lockfree_queue_bd2c96d2de (118 scala sources and 1 java source)
2023.11.15 16:57:21 INFO  time: compiled lockfree_queue_bd2c96d2de in 1.31s
2023.11.15 16:57:25 INFO  compiling lockfree_queue_bd2c96d2de (118 scala sources and 1 java source)
2023.11.15 16:57:26 INFO  time: compiled lockfree_queue_bd2c96d2de in 1.84s
2023.11.15 16:57:30 INFO  compiling lockfree_queue_bd2c96d2de (118 scala sources and 1 java source)
2023.11.15 16:57:32 INFO  time: compiled lockfree_queue_bd2c96d2de in 2.25s
2023.11.15 16:57:48 INFO  compiling lockfree_queue_bd2c96d2de (118 scala sources and 1 java source)
2023.11.15 16:57:49 INFO  time: compiled lockfree_queue_bd2c96d2de in 1.65s
2023.11.15 16:58:06 INFO  compiling lockfree_queue_bd2c96d2de (118 scala sources and 1 java source)
2023.11.15 16:58:07 INFO  time: compiled lockfree_queue_bd2c96d2de in 1.69s
2023.11.15 16:58:13 INFO  compiling lockfree_queue_bd2c96d2de (118 scala sources and 1 java source)
2023.11.15 16:58:14 INFO  time: compiled lockfree_queue_bd2c96d2de in 1.67s
2023.11.15 16:58:17 INFO  compiling lockfree_queue_bd2c96d2de (118 scala sources and 1 java source)
2023.11.15 16:58:20 INFO  time: compiled lockfree_queue_bd2c96d2de in 2.73s
2023.11.15 16:58:20 INFO  compiling lockfree_queue_bd2c96d2de (118 scala sources and 1 java source)
2023.11.15 16:58:22 INFO  time: compiled lockfree_queue_bd2c96d2de in 1.61s
2023.11.15 16:58:22 INFO  compiling lockfree_queue_bd2c96d2de (118 scala sources and 1 java source)
2023.11.15 16:58:24 INFO  time: compiled lockfree_queue_bd2c96d2de in 1.34s
2023.11.15 16:58:35 INFO  compiling lockfree_queue_bd2c96d2de (118 scala sources and 1 java source)
2023.11.15 16:58:37 INFO  time: compiled lockfree_queue_bd2c96d2de in 2.15s
2023.11.15 16:58:37 INFO  compiling lockfree_queue_bd2c96d2de (118 scala sources and 1 java source)
2023.11.15 16:58:39 INFO  time: compiled lockfree_queue_bd2c96d2de in 2.06s
2023.11.15 16:58:39 INFO  compiling lockfree_queue_bd2c96d2de (118 scala sources and 1 java source)
2023.11.15 16:58:41 INFO  time: compiled lockfree_queue_bd2c96d2de in 1.5s
2023.11.15 16:58:53 INFO  compiling lockfree_queue_bd2c96d2de (118 scala sources and 1 java source)
2023.11.15 16:58:55 INFO  time: compiled lockfree_queue_bd2c96d2de in 1.84s
2023.11.15 16:59:05 INFO  compiling lockfree_queue_bd2c96d2de (118 scala sources and 1 java source)
2023.11.15 16:59:07 INFO  time: compiled lockfree_queue_bd2c96d2de in 1.93s
2023.11.15 16:59:11 INFO  compiling lockfree_queue_bd2c96d2de (118 scala sources and 1 java source)
2023.11.15 16:59:13 INFO  time: compiled lockfree_queue_bd2c96d2de in 1.92s
2023.11.15 16:59:16 INFO  compiling lockfree_queue_bd2c96d2de (118 scala sources and 1 java source)
Nov 15, 2023 4:59:16 PM org.eclipse.lsp4j.jsonrpc.RemoteEndpoint handleCancellation
WARNING: Unmatched cancel notification for request id 1769
2023.11.15 16:59:18 INFO  time: compiled lockfree_queue_bd2c96d2de in 1.84s
2023.11.15 16:59:18 INFO  compiling lockfree_queue_bd2c96d2de (118 scala sources and 1 java source)
2023.11.15 16:59:20 INFO  time: compiled lockfree_queue_bd2c96d2de in 1.93s
2023.11.15 16:59:32 INFO  compiling lockfree_queue_bd2c96d2de (118 scala sources and 1 java source)
2023.11.15 16:59:35 INFO  time: compiled lockfree_queue_bd2c96d2de in 2.63s
2023.11.15 16:59:41 INFO  compiling lockfree_queue_bd2c96d2de (118 scala sources and 1 java source)
2023.11.15 16:59:42 INFO  time: compiled lockfree_queue_bd2c96d2de in 1.15s
2023.11.15 17:01:18 INFO  compiling lockfree_queue_bd2c96d2de (118 scala sources and 1 java source)
2023.11.15 17:01:20 INFO  time: compiled lockfree_queue_bd2c96d2de in 1.7s
2023.11.15 17:01:37 INFO  compiling lockfree_queue_bd2c96d2de (118 scala sources and 1 java source)
2023.11.15 17:01:39 INFO  time: compiled lockfree_queue_bd2c96d2de in 1.96s
Nov 15, 2023 5:01:48 PM org.eclipse.lsp4j.jsonrpc.RemoteEndpoint handleCancellation
WARNING: Unmatched cancel notification for request id 2246
2023.11.15 17:01:49 INFO  compiling lockfree_queue_bd2c96d2de (118 scala sources and 1 java source)
2023.11.15 17:01:51 INFO  time: compiled lockfree_queue_bd2c96d2de in 2.45s
2023.11.15 17:01:55 INFO  compiling lockfree_queue_bd2c96d2de (118 scala sources and 1 java source)
2023.11.15 17:01:57 INFO  time: compiled lockfree_queue_bd2c96d2de in 1.91s
2023.11.15 17:02:00 INFO  compiling lockfree_queue_bd2c96d2de (118 scala sources and 1 java source)
2023.11.15 17:02:02 INFO  time: compiled lockfree_queue_bd2c96d2de in 1.77s
2023.11.15 17:03:35 INFO  compiling lockfree_queue_bd2c96d2de (118 scala sources and 1 java source)
2023.11.15 17:03:38 INFO  time: compiled lockfree_queue_bd2c96d2de in 2.96s
2023.11.15 17:03:56 INFO  compiling lockfree_queue_bd2c96d2de (118 scala sources and 1 java source)
2023.11.15 17:03:59 INFO  time: compiled lockfree_queue_bd2c96d2de in 2.49s
2023.11.15 17:03:59 INFO  compiling lockfree_queue_bd2c96d2de (118 scala sources and 1 java source)
2023.11.15 17:04:02 INFO  time: compiled lockfree_queue_bd2c96d2de in 2.48s
2023.11.15 17:04:11 INFO  compiling lockfree_queue_bd2c96d2de (118 scala sources and 1 java source)
2023.11.15 17:04:13 INFO  time: compiled lockfree_queue_bd2c96d2de in 2.12s
2023.11.15 17:04:48 INFO  compiling lockfree_queue_bd2c96d2de (118 scala sources and 1 java source)
2023.11.15 17:04:50 INFO  time: compiled lockfree_queue_bd2c96d2de in 2.26s
2023.11.15 17:05:07 INFO  compiling lockfree_queue_bd2c96d2de (118 scala sources and 1 java source)
2023.11.15 17:05:10 INFO  time: compiled lockfree_queue_bd2c96d2de in 2.7s
2023.11.15 17:05:10 INFO  compiling lockfree_queue_bd2c96d2de (118 scala sources and 1 java source)
2023.11.15 17:05:12 INFO  time: compiled lockfree_queue_bd2c96d2de in 1.7s
2023.11.15 17:05:15 INFO  compiling lockfree_queue_bd2c96d2de (118 scala sources and 1 java source)
2023.11.15 17:05:18 INFO  time: compiled lockfree_queue_bd2c96d2de in 2.18s
